[programidex][2025-05-20T15:01:00-05:00] Initialization completed successfully.
[programidex][2025-05-20T15:01:00-05:00] GitHub repo set after re-initialization.
[programidex][2025-05-20T15:30:04-05:00] Attempted re-initialization; nothing to update.
[programidex][2025-05-20T15:37:26-05:00] Attempted re-initialization; nothing to update.
[programidex][2025-05-20T15:37:59-05:00] Attempted re-initialization; nothing to update.
[programidex][2025-05-20T15:40:46-05:00] Attempted re-initialization; checking for missing directories or files.
[programidex][2025-05-20T15:40:46-05:00] Created missing directory: cmd\portfolidex
[programidex][2025-05-20T15:40:46-05:00] Created starter Go file: cmd\portfolidex\main.go
[programidex][2025-05-20T15:55:56-05:00] Attempted re-initialization; checking for missing directories or files.
[programidex][2025-05-20T16:27:36-05:00] Attempted re-initialization; checking for missing directories or files.
[programidex][2025-05-20T16:27:57-05:00] Attempted re-initialization; checking for missing directories or files.
[programidex][2025-05-20T17:20:15-05:00] Module blueprint 'portfolidex-module' installed.
[programidex][2025-05-20T17:20:15-05:00] Config updated with new module: portfolidex-module
[programidex][2025-05-20T19:16:00-05:00] Hugo site creation aborted: . already exists.
[programidex][2025-05-20T19:17:59-05:00] Hugo site creation aborted: . not empty.
[programidex][2025-05-20T19:18:27-05:00] Hugo site creation aborted: . not empty.
[programidex][2025-05-20T19:19:13-05:00] Hugo site creation aborted: . not empty.
[programidex][2025-05-20T19:19:35-05:00] Hugo site creation aborted: . not empty.
[programidex][2025-05-20T19:21:30-05:00] Hugo site creation aborted: . not empty.
[programidex][2025-05-20T19:24:08-05:00] Hugo site created in 'C:\github\portfolidex\hugo'.
